analyze_imports.py:110: error: Need type annotation for "imports" (hint: "imports: set[<type>] = ...")  [var-annotated]
main_window.py:145: note: By default the bodies of untyped functions are not checked, consider using --check-untyped-defs  [annotation-unchecked]
main_window.py:146: note: By default the bodies of untyped functions are not checked, consider using --check-untyped-defs  [annotation-unchecked]
main_window.py:147: note: By default the bodies of untyped functions are not checked, consider using --check-untyped-defs  [annotation-unchecked]
main_window.py:148: note: By default the bodies of untyped functions are not checked, consider using --check-untyped-defs  [annotation-unchecked]
main_window.py:149: note: By default the bodies of untyped functions are not checked, consider using --check-untyped-defs  [annotation-unchecked]
main_window.py:150: note: By default the bodies of untyped functions are not checked, consider using --check-untyped-defs  [annotation-unchecked]
main_window.py:153: note: By default the bodies of untyped functions are not checked, consider using --check-untyped-defs  [annotation-unchecked]
main_window.py:164: note: By default the bodies of untyped functions are not checked, consider using --check-untyped-defs  [annotation-unchecked]
main_window.py:165: note: By default the bodies of untyped functions are not checked, consider using --check-untyped-defs  [annotation-unchecked]
main_window.py:166: note: By default the bodies of untyped functions are not checked, consider using --check-untyped-defs  [annotation-unchecked]
main_window.py:871: error: Argument 1 to "fill_gap" of "DialogService" has incompatible type "MainWindow"; expected "MainWindowProtocol"  [arg-type]
services\transformation_integration.py:71: error: Name "UnifiedTransformationService" already defined (possibly by an import)  [no-redef]
tests\test_analysis_service.py:17: note: By default the bodies of untyped functions are not checked, consider using --check-untyped-defs  [annotation-unchecked]
tests\test_analysis_service.py:31: note: By default the bodies of untyped functions are not checked, consider using --check-untyped-defs  [annotation-unchecked]
tests\test_analysis_service.py:176: note: By default the bodies of untyped functions are not checked, consider using --check-untyped-defs  [annotation-unchecked]
tests\test_analysis_service.py:187: note: By default the bodies of untyped functions are not checked, consider using --check-untyped-defs  [annotation-unchecked]
tests\test_centering_zoom.py:106: error: Incompatible types in assignment (expression has type "int", variable has type "None")  [assignment]
tests\test_centering_zoom.py:110: error: Incompatible types in assignment (expression has type "bool", variable has type "None")  [assignment]
tests\test_centering_zoom.py:283: error: Name "setImageSequence" already defined on line 169  [no-redef]
tests\test_centering_zoom.py:415: error: Cannot determine type of "history"  [has-type]
tests\test_centering_zoom.py:428: error: Incompatible types in assignment (expression has type "MockCurveView | None", base class "MainWindowProtocol" defined the type as "CurveViewProtocol")  [assignment]
tests\test_centering_zoom.py:441: error: Attribute "history" already defined on line 415  [no-redef]
tests\test_centering_zoom.py:457: note: By default the bodies of untyped functions are not checked, consider using --check-untyped-defs  [annotation-unchecked]
Found 9 errors in 4 files (checked 82 source files)
