analyze_imports.py:19: error: Need type annotation for "issues" (hint: "issues: list[<type>] = ...")  [var-annotated]
analyze_imports.py:26: error: Need type annotation for "imports"  [var-annotated]
analyze_imports.py:122: error: Incompatible return value type (got "list[tuple[str | Any, ...]]", expected "list[tuple[str, str]]")  [return-value]
analyze_imports.py:124: error: Function "builtins.any" is not valid as a type  [valid-type]
analyze_imports.py:124: note: Perhaps you meant "typing.Any" instead of "any"?
analyze_imports.py:147: error: Unsupported target for indexed assignment ("object")  [index]
analyze_imports.py:148: error: Value of type "object" is not indexable  [index]
analyze_imports.py:148: error: Unsupported target for indexed assignment ("object")  [index]
analyze_imports.py:149: error: Value of type "object" is not indexable  [index]
analyze_imports.py:149: error: Unsupported target for indexed assignment ("object")  [index]
analyze_imports.py:152: error: Unsupported target for indexed assignment ("object")  [index]
analyze_imports.py:153: error: Value of type "object" is not indexable  [index]
analyze_imports.py:153: error: Unsupported target for indexed assignment ("object")  [index]
analyze_imports.py:155: error: Unsupported operand types for + ("object" and "int")  [operator]
services\curve_service.py:218: error: "QWidget" not callable  [operator]
signal_connectors\shortcut_signal_connector.py:105: error: Argument 2 to "toggle_velocity_vectors" of "VisualizationService" has incompatible type "bool | None"; expected "bool"  [arg-type]
signal_connectors\shortcut_signal_connector.py:111: error: Argument 2 to "toggle_all_frame_numbers" of "VisualizationService" has incompatible type "bool | None"; expected "bool"  [arg-type]
signal_connectors\shortcut_signal_connector.py:130: error: "setattr" does not return a value (it only ever returns None)  [func-returns-value]
signal_connectors\shortcut_signal_connector.py:136: error: "setattr" does not return a value (it only ever returns None)  [func-returns-value]
main_window.py:145: note: By default the bodies of untyped functions are not checked, consider using --check-untyped-defs  [annotation-unchecked]
main_window.py:146: note: By default the bodies of untyped functions are not checked, consider using --check-untyped-defs  [annotation-unchecked]
main_window.py:147: note: By default the bodies of untyped functions are not checked, consider using --check-untyped-defs  [annotation-unchecked]
main_window.py:148: note: By default the bodies of untyped functions are not checked, consider using --check-untyped-defs  [annotation-unchecked]
main_window.py:149: note: By default the bodies of untyped functions are not checked, consider using --check-untyped-defs  [annotation-unchecked]
main_window.py:150: note: By default the bodies of untyped functions are not checked, consider using --check-untyped-defs  [annotation-unchecked]
main_window.py:153: note: By default the bodies of untyped functions are not checked, consider using --check-untyped-defs  [annotation-unchecked]
main_window.py:164: note: By default the bodies of untyped functions are not checked, consider using --check-untyped-defs  [annotation-unchecked]
main_window.py:165: note: By default the bodies of untyped functions are not checked, consider using --check-untyped-defs  [annotation-unchecked]
main_window.py:166: note: By default the bodies of untyped functions are not checked, consider using --check-untyped-defs  [annotation-unchecked]
main_window.py:868: error: Argument 1 to "fill_gap" of "DialogService" has incompatible type "MainWindow"; expected "MainWindowProtocol"  [arg-type]
main_window.py:915: error: Name "qwidget" already defined on line 600  [no-redef]
services\transformation_integration.py:70: error: Cannot assign to a type  [misc]
services\enhanced_curve_view_integration.py:271: error: Name "max_drift" already defined on line 262  [no-redef]
tests\test_analysis_service.py:17: note: By default the bodies of untyped functions are not checked, consider using --check-untyped-defs  [annotation-unchecked]
tests\test_analysis_service.py:31: note: By default the bodies of untyped functions are not checked, consider using --check-untyped-defs  [annotation-unchecked]
tests\test_analysis_service.py:176: note: By default the bodies of untyped functions are not checked, consider using --check-untyped-defs  [annotation-unchecked]
tests\test_analysis_service.py:187: note: By default the bodies of untyped functions are not checked, consider using --check-untyped-defs  [annotation-unchecked]
tests\test_centering_zoom.py:72: error: Cannot assign to a method  [method-assign]
tests\test_centering_zoom.py:72: error: Incompatible types in assignment (expression has type "None", variable has type "Callable[[int, float, float], None]")  [assignment]
tests\test_centering_zoom.py:182: error: Name "setVelocityData" already defined on line 167  [no-redef]
tests\test_centering_zoom.py:185: error: Name "toggleVelocityVectors" already defined on line 171  [no-redef]
tests\test_centering_zoom.py:261: error: Name "setImageSequence" already defined on line 154  [no-redef]
tests\test_centering_zoom.py:373: error: Name "curve_view" already defined on line 325  [no-redef]
tests\test_centering_zoom.py:374: error: Name "curve_data" already defined on line 326  [no-redef]
tests\test_centering_zoom.py:381: error: Incompatible types in assignment (expression has type "None", variable has type "CurveViewProtocol")  [assignment]
tests\test_centering_zoom.py:397: note: By default the bodies of untyped functions are not checked, consider using --check-untyped-defs  [annotation-unchecked]
Found 30 errors in 7 files (checked 82 source files)
