============================= test session starts ==============================
platform linux -- Python 3.12.3, pytest-8.4.1, pluggy-1.6.0
benchmark: 5.1.0 (defaults: timer=time.perf_counter disable_gc=False min_rounds=5 min_time=0.000005 max_time=1.0 calibration_precision=10 warmup=False warmup_iterations=100000)
PySide6 6.9.1 -- Qt runtime 6.9.1 -- Qt compiled 6.9.1
rootdir: /mnt/c/CustomScripts/Python/Work/Linux/CurveEditor
configfile: pyproject.toml
plugins: hypothesis-6.137.1, benchmark-5.1.0, cov-6.2.1, qt-4.5.0
collected 865 items

tests/test_background_image_fitting.py ....s...F...                      [  1%]
tests/test_centering_toggle.py .........                                 [  2%]
tests/test_core_models.py .............................................. [  7%]
........................................................................ [ 16%]
................                                                         [ 17%]
tests/test_current_frame_property.py .....                               [ 18%]
tests/test_curve_service.py ............                                 [ 19%]
tests/test_curve_view.py .....................................           [ 24%]
tests/test_data_pipeline.py ...........                                  [ 25%]
tests/test_data_service.py ............................................. [ 30%]
..                                                                       [ 30%]
tests/test_edge_cases_comprehensive.py ..................                [ 32%]
tests/test_error_handlers.py ...................................         [ 36%]
tests/test_file_load_worker.py ............Fatal Python error: Segmentation fault

Current thread 0x00007fe78a2de080 (most recent call first):
  File "/usr/lib/python3.12/traceback.py", line 1073 in _compute_suggestion_error
  File "/usr/lib/python3.12/traceback.py", line 767 in __init__
  File "/usr/lib/python3.12/traceback.py", line 124 in print_exception
  File "/mnt/c/CustomScripts/Python/Work/Linux/CurveEditor/venv/lib/python3.12/site-packages/pytestqt/exceptions.py", line 89 in format_captured_exceptions
  File "/mnt/c/CustomScripts/Python/Work/Linux/CurveEditor/venv/lib/python3.12/site-packages/pytestqt/exceptions.py", line 32 in _except_hook
  File "/mnt/c/CustomScripts/Python/Work/Linux/CurveEditor/venv/lib/python3.12/site-packages/pytestqt/plugin.py", line 220 in _process_events
  File "/mnt/c/CustomScripts/Python/Work/Linux/CurveEditor/venv/lib/python3.12/site-packages/pytestqt/plugin.py", line 188 in pytest_runtest_call
  File "/mnt/c/CustomScripts/Python/Work/Linux/CurveEditor/venv/lib/python3.12/site-packages/pluggy/_callers.py", line 152 in _multicall
  File "/mnt/c/CustomScripts/Python/Work/Linux/CurveEditor/venv/lib/python3.12/site-packages/pluggy/_manager.py", line 120 in _hookexec
  File "/mnt/c/CustomScripts/Python/Work/Linux/CurveEditor/venv/lib/python3.12/site-packages/pluggy/_hooks.py", line 512 in __call__
  File "/mnt/c/CustomScripts/Python/Work/Linux/CurveEditor/venv/lib/python3.12/site-packages/_pytest/runner.py", line 246 in <lambda>
  File "/mnt/c/CustomScripts/Python/Work/Linux/CurveEditor/venv/lib/python3.12/site-packages/_pytest/runner.py", line 344 in from_call
  File "/mnt/c/CustomScripts/Python/Work/Linux/CurveEditor/venv/lib/python3.12/site-packages/_pytest/runner.py", line 245 in call_and_report
  File "/mnt/c/CustomScripts/Python/Work/Linux/CurveEditor/venv/lib/python3.12/site-packages/_pytest/runner.py", line 136 in runtestprotocol
  File "/mnt/c/CustomScripts/Python/Work/Linux/CurveEditor/venv/lib/python3.12/site-packages/_pytest/runner.py", line 117 in pytest_runtest_protocol
  File "/mnt/c/CustomScripts/Python/Work/Linux/CurveEditor/venv/lib/python3.12/site-packages/pluggy/_callers.py", line 121 in _multicall
  File "/mnt/c/CustomScripts/Python/Work/Linux/CurveEditor/venv/lib/python3.12/site-packages/pluggy/_manager.py", line 120 in _hookexec
  File "/mnt/c/CustomScripts/Python/Work/Linux/CurveEditor/venv/lib/python3.12/site-packages/pluggy/_hooks.py", line 512 in __call__
  File "/mnt/c/CustomScripts/Python/Work/Linux/CurveEditor/venv/lib/python3.12/site-packages/_pytest/main.py", line 367 in pytest_runtestloop
  File "/mnt/c/CustomScripts/Python/Work/Linux/CurveEditor/venv/lib/python3.12/site-packages/pluggy/_callers.py", line 121 in _multicall
  File "/mnt/c/CustomScripts/Python/Work/Linux/CurveEditor/venv/lib/python3.12/site-packages/pluggy/_manager.py", line 120 in _hookexec
  File "/mnt/c/CustomScripts/Python/Work/Linux/CurveEditor/venv/lib/python3.12/site-packages/pluggy/_hooks.py", line 512 in __call__
  File "/mnt/c/CustomScripts/Python/Work/Linux/CurveEditor/venv/lib/python3.12/site-packages/_pytest/main.py", line 343 in _main
  File "/mnt/c/CustomScripts/Python/Work/Linux/CurveEditor/venv/lib/python3.12/site-packages/_pytest/main.py", line 289 in wrap_session
  File "/mnt/c/CustomScripts/Python/Work/Linux/CurveEditor/venv/lib/python3.12/site-packages/_pytest/main.py", line 336 in pytest_cmdline_main
  File "/mnt/c/CustomScripts/Python/Work/Linux/CurveEditor/venv/lib/python3.12/site-packages/pluggy/_callers.py", line 121 in _multicall
  File "/mnt/c/CustomScripts/Python/Work/Linux/CurveEditor/venv/lib/python3.12/site-packages/pluggy/_manager.py", line 120 in _hookexec
  File "/mnt/c/CustomScripts/Python/Work/Linux/CurveEditor/venv/lib/python3.12/site-packages/pluggy/_hooks.py", line 512 in __call__
  File "/mnt/c/CustomScripts/Python/Work/Linux/CurveEditor/venv/lib/python3.12/site-packages/_pytest/config/__init__.py", line 175 in main
  File "/mnt/c/CustomScripts/Python/Work/Linux/CurveEditor/venv/lib/python3.12/site-packages/_pytest/config/__init__.py", line 201 in console_main
  File "/mnt/c/CustomScripts/Python/Work/Linux/CurveEditor/venv/lib/python3.12/site-packages/pytest/__main__.py", line 9 in <module>
  File "<frozen runpy>", line 88 in _run_code
  File "<frozen runpy>", line 198 in _run_module_as_main

Extension modules: shiboken6.Shiboken, PySide6.QtCore, PySide6.QtGui, PySide6.QtWidgets, numpy._core._multiarray_umath, numpy.linalg._umath_linalg, scipy._lib._ccallback_c, numpy.random._common, numpy.random.bit_generator, numpy.random._bounded_integers, numpy.random._pcg64, numpy.random._mt19937, numpy.random._generator, numpy.random._philox, numpy.random._sfc64, numpy.random.mtrand, scipy.signal._sigtools, scipy.linalg._fblas, scipy.linalg._flapack, _cyutility, scipy._cyutility, scipy.linalg.cython_lapack, scipy.linalg._cythonized_array_utils, scipy.linalg._solve_toeplitz, scipy.linalg._decomp_lu_cython, scipy.linalg._matfuncs_schur_sqrtm, scipy.linalg._matfuncs_expm, scipy.linalg._linalg_pythran, scipy.linalg.cython_blas, scipy.linalg._decomp_update, scipy.sparse._sparsetools, _csparsetools, scipy.sparse._csparsetools, scipy.special._ufuncs_cxx, scipy.special._ellip_harm_2, scipy.special._special_ufuncs, scipy.special._gufuncs, scipy.special._ufuncs, scipy.special._specfun, scipy.special._comb, scipy._lib._uarray._uarray, scipy.signal._max_len_seq_inner, scipy.signal._upfirdn_apply, scipy.signal._spline, scipy.spatial._ckdtree, scipy._lib.messagestream, scipy.spatial._qhull, scipy.spatial._voronoi, scipy.spatial._hausdorff, scipy.spatial._distance_wrap, scipy.spatial.transform._rotation, scipy.spatial.transform._rigid_transform, scipy.interpolate._fitpack, scipy.interpolate._dfitpack, scipy.sparse.linalg._dsolve._superlu, scipy.sparse.linalg._eigen.arpack._arpack, scipy.sparse.linalg._propack._spropack, scipy.sparse.linalg._propack._dpropack, scipy.sparse.linalg._propack._cpropack, scipy.sparse.linalg._propack._zpropack, scipy.optimize._group_columns, scipy.optimize._trlib._trlib, scipy.optimize._lbfgsb, _moduleTNC, scipy.optimize._moduleTNC, scipy.optimize._slsqplib, scipy.optimize._minpack, scipy.optimize._lsq.givens_elimination, scipy.optimize._zeros, scipy.linalg._decomp_interpolative, scipy.optimize._bglu_dense, scipy.optimize._lsap, scipy.optimize._direct, scipy.interpolate._dierckx, scipy.interpolate._ppoly, scipy.interpolate._interpnd, scipy.interpolate._rbfinterp_pythran, scipy.interpolate._rgi_cython, scipy.ndimage._nd_image, scipy.ndimage._rank_filter_1d, _ni_label, scipy.ndimage._ni_label, scipy.signal._sosfilt, scipy.integrate._odepack, scipy.integrate._quadpack, scipy.integrate._vode, scipy.integrate._dop, scipy.integrate._lsoda, scipy.special.cython_special, scipy.stats._stats, scipy.stats._biasedurn, scipy.stats._stats_pythran, scipy.stats._levy_stable.levyst, scipy.stats._ansari_swilk_statistics, scipy.sparse.csgraph._tools, scipy.sparse.csgraph._shortest_path, scipy.sparse.csgraph._traversal, scipy.sparse.csgraph._min_spanning_tree, scipy.sparse.csgraph._flow, scipy.sparse.csgraph._matching, scipy.sparse.csgraph._reordering, scipy.stats._sobol, scipy.stats._qmc_cy, scipy.stats._rcont.rcont, scipy.stats._qmvnt_cy, scipy.signal._peak_finding_utils, PySide6.QtTest, psutil._psutil_linux, psutil._psutil_posix (total: 109)
